<?xml version="1.0" encoding="utf-8"?><testsuites name="pytest tests"><testsuite name="pytest" errors="1" failures="0" skipped="0" tests="1" time="0.451" timestamp="2025-09-25T00:46:47.052564+03:30" hostname="DESKTOP-B9H9OEV"><testcase classname="" name="tests.test_presign_unit" time="0.000"><error message="collection failure">import file mismatch:
imported module 'test_presign_unit' has this __file__ attribute:
  C:\Users\moham\OneDrive\Desktop\GitHub\infra\test_presign_unit.py
which is not the same as the test file we want to collect:
  C:\Users\moham\OneDrive\Desktop\GitHub\infra\tests\test_presign_unit.py
HINT: remove __pycache__ / .pyc files and/or use a unique basename for your test file modules</error></testcase></testsuite></testsuites>