<?xml version="1.0" encoding="utf-8"?><testsuites name="pytest tests"><testsuite name="pytest" errors="0" failures="0" skipped="0" tests="4" time="0.973" timestamp="2025-09-25T10:46:55.997937+03:30" hostname="DESKTOP-B9H9OEV"><testcase classname="tests.test_positive" name="test_upload_file_successful" time="0.409" /><testcase classname="tests.test_presign_unit" name="test_generate_presigned_put_calls_boto3_with_sse" time="0.001" /><testcase classname="tests.test_s3_upload" name="test_upload_file" time="0.185" /><testcase classname="tests.test_sanity" name="test_sanity" time="0.001" /></testsuite></testsuites>