<?xml version="1.0" encoding="utf-8"?><testsuites name="pytest tests"><testsuite name="pytest" errors="0" failures="0" skipped="0" tests="3" time="1.117" timestamp="2025-09-22T23:10:03.361437+03:30" hostname="DESKTOP-B9H9OEV"><testcase classname="tests.test_positive" name="test_upload_file_successful" time="0.452" /><testcase classname="tests.test_s3_upload" name="test_upload_file" time="0.192" /><testcase classname="tests.test_sanity" name="test_sanity" time="0.000" /></testsuite></testsuites>