<?xml version="1.0" encoding="utf-8"?><testsuites name="pytest tests"><testsuite name="pytest" errors="0" failures="0" skipped="0" tests="5" time="1.223" timestamp="2025-09-29T12:08:04.407597+03:30" hostname="DESKTOP-B9H9OEV"><testcase classname="tests.test_lambda_unit" name="test_handler_writes_ddb" time="0.002" /><testcase classname="tests.test_positive" name="test_upload_file_successful" time="0.337" /><testcase classname="tests.test_presign_unit" name="test_generate_presigned_put_calls_boto3_with_sse" time="0.001" /><testcase classname="tests.test_s3_upload" name="test_upload_file" time="0.169" /><testcase classname="tests.test_sanity" name="test_sanity" time="0.000" /></testsuite></testsuites>